<?xml version="1.0" encoding="UTF-8"?>
<testng-results total="1" passed="1" failed="0" skipped="0">
  <reporter-output>
  </reporter-output>
  <suite started-at="2023-05-10T11:46:02Z" name="Default suite" finished-at="2023-05-10T11:46:02Z" duration-ms="34">
    <groups>
    </groups>
    <test started-at="2023-05-10T11:46:02Z" name="Default test" finished-at="2023-05-10T11:46:02Z" duration-ms="34">
      <class name="testngExample.Exp_TestNG">
        <test-method signature="login()[pri:0, instance:testngExample.Exp_TestNG@17f9d882]" started-at="2023-05-10T17:16:02Z" name="login" finished-at="2023-05-10T17:16:02Z" duration-ms="16" status="PASS">
          <reporter-output>
          </reporter-output>
        </test-method> <!-- login -->
      </class> <!-- testngExample.Exp_TestNG -->
    </test> <!-- Default test -->
  </suite> <!-- Default suite -->
</testng-results>
