<?xml version="1.0" encoding="UTF-8"?>
<testng-results ignored="0" total="2" passed="2" failed="0" skipped="0">
  <reporter-output>
  </reporter-output>
  <suite started-at="2023-05-11T16:44:18 IST" name="Suite1" finished-at="2023-05-11T16:44:34 IST" duration-ms="16007">
    <groups>
    </groups>
    <test started-at="2023-05-11T16:44:18 IST" name="NoPackage" finished-at="2023-05-11T16:44:34 IST" duration-ms="16007">
      <class name="com.hrms.testscripts.TC_001">
        <test-method signature="run()[pri:0, instance:com.hrms.testscripts.TC_001@1817d444]" started-at="2023-05-11T16:44:18 IST" name="run" finished-at="2023-05-11T16:44:27 IST" duration-ms="8478" status="PASS">
          <reporter-output>
          </reporter-output>
        </test-method> <!-- run -->
      </class> <!-- com.hrms.testscripts.TC_001 -->
      <class name="com.hrms.testscripts.TC_002">
        <test-method signature="run()[pri:0, instance:com.hrms.testscripts.TC_002@15c43bd9]" started-at="2023-05-11T16:44:27 IST" name="run" finished-at="2023-05-11T16:44:34 IST" duration-ms="7489" status="PASS">
          <reporter-output>
          </reporter-output>
        </test-method> <!-- run -->
      </class> <!-- com.hrms.testscripts.TC_002 -->
    </test> <!-- NoPackage -->
  </suite> <!-- Suite1 -->
</testng-results>
